<?xml version="1.0" encoding="UTF-8"?>
<robot generator="Robot 6.1 (Python 3.11.4 on win32)" generated="20230818 20:42:07.890" rpa="false" schemaversion="4">
<suite id="s1" name="Testcases" source="c:\PROJETOS\TESTES\RobotFramework\Teste-web\cases\testcases.robot">
<test id="s1-t1" name="Cenário 01: Testando o site da amazon" line="8">
<kw name="abrir navegador" library="Global" type="SETUP">
<kw name="Open Browser" library="SeleniumLibrary">
<arg>${URL}</arg>
<arg>Chrome</arg>
<doc>Opens a new browser instance to the optional ``url``.</doc>
<msg timestamp="20230818 20:42:10.553" level="INFO">Opening browser 'Chrome' to base url 'https://www.amazon.com.br/?&amp;tag=hydrbrabk-20&amp;ref=pd_sl_7rwd1q78df_e&amp;adgrpid=79547423725&amp;hvpone=&amp;hvptwo=&amp;hvadid=591863875878&amp;hvpos=&amp;hvnetw=g&amp;hvrand=17235302576629106834&amp;hvqmt=e&amp;hvdev=c&amp;hvdvcmdl=&amp;hvlocint=&amp;hvlocphy=1031685&amp;hvtargid=kwd-10573980&amp;hydadcr=26346_11691057'.</msg>
<status status="PASS" starttime="20230818 20:42:10.545" endtime="20230818 20:42:22.393"/>
</kw>
<status status="PASS" starttime="20230818 20:42:10.534" endtime="20230818 20:42:22.393"/>
</kw>
<kw name="Dado que o usuário esteja na tela inicial" library="Kewords-l">
<kw name="Wait Until Element Is Visible" library="SeleniumLibrary">
<arg>${AMZ.amazon}</arg>
<doc>Waits until the element ``locator`` is visible.</doc>
<status status="PASS" starttime="20230818 20:42:22.425" endtime="20230818 20:42:24.369"/>
</kw>
<status status="PASS" starttime="20230818 20:42:22.425" endtime="20230818 20:42:24.369"/>
</kw>
<kw name="Quando o usuário encontrar a barra de PESQUISA" library="Kewords-l">
<kw name="Click Element" library="SeleniumLibrary">
<arg>${barra-pesquisa}</arg>
<doc>Click the element identified by ``locator``.</doc>
<msg timestamp="20230818 20:42:24.425" level="INFO">Clicking element 'xpath://input[contains(@type,'text')]'.</msg>
<status status="PASS" starttime="20230818 20:42:24.425" endtime="20230818 20:42:25.688"/>
</kw>
<status status="PASS" starttime="20230818 20:42:24.417" endtime="20230818 20:42:25.688"/>
</kw>
<kw name="E digitar &quot;nexgard até 10kg&quot;" library="Kewords-l">
<kw name="Input Text" library="SeleniumLibrary">
<arg>${barra-pesquisa}</arg>
<arg>Nexgard até 10kg</arg>
<doc>Types the given ``text`` into the text field identified by ``locator``.</doc>
<msg timestamp="20230818 20:42:25.752" level="INFO">Typing text 'Nexgard até 10kg' into text field 'xpath://input[contains(@type,'text')]'.</msg>
<status status="PASS" starttime="20230818 20:42:25.736" endtime="20230818 20:42:26.792"/>
</kw>
<status status="PASS" starttime="20230818 20:42:25.736" endtime="20230818 20:42:26.792"/>
</kw>
<kw name="Então será redirecionado para tela com a lista de PESQUISA" library="Kewords-l">
<kw name="Click Button" library="SeleniumLibrary">
<arg>${botao-pesquisa}</arg>
<doc>Clicks the button identified by ``locator``.</doc>
<msg timestamp="20230818 20:42:26.800" level="INFO">Clicking button 'xpath://input[contains(@type,'submit')]'.</msg>
<status status="PASS" starttime="20230818 20:42:26.800" endtime="20230818 20:42:41.078"/>
</kw>
<status status="PASS" starttime="20230818 20:42:26.800" endtime="20230818 20:42:41.078"/>
</kw>
<kw name="Dado que o usuário esteja na tela com lista de PESQUISA" library="Kewords-l">
<kw name="Wait Until Element Is Visible" library="SeleniumLibrary">
<arg>${tela-pesquisa}</arg>
<doc>Waits until the element ``locator`` is visible.</doc>
<status status="PASS" starttime="20230818 20:42:41.110" endtime="20230818 20:42:41.494"/>
</kw>
<status status="PASS" starttime="20230818 20:42:41.110" endtime="20230818 20:42:41.494"/>
</kw>
<kw name="Quando o usuário encontrar o produto desejado" library="Kewords-l">
<kw name="Wait Until Element Is Visible" library="SeleniumLibrary">
<arg>${produto}</arg>
<doc>Waits until the element ``locator`` is visible.</doc>
<status status="PASS" starttime="20230818 20:42:41.502" endtime="20230818 20:42:41.662"/>
</kw>
<status status="PASS" starttime="20230818 20:42:41.502" endtime="20230818 20:42:41.662"/>
</kw>
<kw name="E clicar para visualizar" library="Kewords-l">
<kw name="Click Element" library="SeleniumLibrary">
<arg>${produto}</arg>
<doc>Click the element identified by ``locator``.</doc>
<msg timestamp="20230818 20:42:41.670" level="INFO">Clicking element 'xpath://span[@class='a-size-base-plus a-color-base a-text-normal'][contains(.,'NexGard Antipulgas e Carrapatos para Cães de 4,1 a 10kg, 1 tablete')]'.</msg>
<status status="PASS" starttime="20230818 20:42:41.670" endtime="20230818 20:42:58.896"/>
</kw>
<status status="PASS" starttime="20230818 20:42:41.662" endtime="20230818 20:42:58.896"/>
</kw>
<kw name="E adicionar ao carrinho" library="Kewords-l">
<kw name="Wait Until Element Is Visible" library="SeleniumLibrary">
<arg>${ADC-carrinho}</arg>
<arg>15</arg>
<doc>Waits until the element ``locator`` is visible.</doc>
<status status="PASS" starttime="20230818 20:42:58.904" endtime="20230818 20:42:59.745"/>
</kw>
<kw name="Click Button" library="SeleniumLibrary">
<arg>${ADC-carrinho}</arg>
<doc>Clicks the button identified by ``locator``.</doc>
<msg timestamp="20230818 20:42:59.753" level="INFO">Clicking button 'xpath://input[contains(@name,'submit.add-to-cart')]'.</msg>
<status status="PASS" starttime="20230818 20:42:59.745" endtime="20230818 20:43:13.785"/>
</kw>
<kw name="Wait Until Element Is Visible" library="SeleniumLibrary">
<arg>${resultado-carrinho}</arg>
<arg>15</arg>
<doc>Waits until the element ``locator`` is visible.</doc>
<status status="PASS" starttime="20230818 20:43:13.785" endtime="20230818 20:43:14.964"/>
</kw>
<kw name="Wait Until Element Is Visible" library="SeleniumLibrary">
<arg>${IR-carrinho}</arg>
<doc>Waits until the element ``locator`` is visible.</doc>
<status status="PASS" starttime="20230818 20:43:14.972" endtime="20230818 20:43:16.125"/>
</kw>
<kw name="Click Element" library="SeleniumLibrary">
<arg>${IR-carrinho}</arg>
<doc>Click the element identified by ``locator``.</doc>
<msg timestamp="20230818 20:43:16.133" level="INFO">Clicking element 'xpath://span[@aria-hidden='true'][contains(.,'Carrinho')]'.</msg>
<status status="PASS" starttime="20230818 20:43:16.133" endtime="20230818 20:43:26.976"/>
</kw>
<status status="PASS" starttime="20230818 20:42:58.904" endtime="20230818 20:43:26.984"/>
</kw>
<kw name="Então será redirecionado para a tela de carrinho" library="Kewords-l">
<kw name="Wait Until Element Is Visible" library="SeleniumLibrary">
<arg>${LISTA-carrinho}</arg>
<doc>Waits until the element ``locator`` is visible.</doc>
<status status="PASS" starttime="20230818 20:43:26.992" endtime="20230818 20:43:27.368"/>
</kw>
<status status="PASS" starttime="20230818 20:43:26.984" endtime="20230818 20:43:27.368"/>
</kw>
<tag>PESQUISA</tag>
<status status="PASS" starttime="20230818 20:42:10.518" endtime="20230818 20:43:27.384"/>
</test>
<status status="PASS" starttime="20230818 20:42:07.930" endtime="20230818 20:43:27.416"/>
</suite>
<statistics>
<total>
<stat pass="1" fail="0" skip="0">All Tests</stat>
</total>
<tag>
<stat pass="1" fail="0" skip="0">PESQUISA</stat>
</tag>
<suite>
<stat pass="1" fail="0" skip="0" id="s1" name="Testcases">Testcases</stat>
</suite>
</statistics>
<errors>
<msg timestamp="20230818 20:42:08.207" level="WARN">Imported resource file 'c:\PROJETOS\TESTES\RobotFramework\Teste-web\CASES\RESOURCES\KWS\PAGES\pages.robot' is empty.</msg>
<msg timestamp="20230818 20:42:08.223" level="ERROR">Error in file 'c:\PROJETOS\TESTES\RobotFramework\Teste-web\CASES\testcases.robot' on line 5: Setting 'Test Setup' is not allowed in resource file.</msg>
<msg timestamp="20230818 20:42:08.247" level="ERROR">Error in file 'c:\PROJETOS\TESTES\RobotFramework\Teste-web\CASES\RESOURCES\Main.robot' on line 7: Error in file 'c:\PROJETOS\TESTES\RobotFramework\Teste-web\CASES\testcases.robot' on line 7: Resource file with 'Test Cases' section is invalid.</msg>
</errors>
</robot>
